<?xml version="1.0" encoding="UTF-8"?>
<testng-results skipped="0" failed="0" total="1" passed="1">
  <reporter-output>
  </reporter-output>
  <suite name="Custom suite" duration-ms="50788" started-at="2017-06-12T18:43:47Z" finished-at="2017-06-12T18:44:38Z">
    <groups>
      <group name="cucumber">
        <method signature="RunCukesByFeatureAndCompositionTest1.feature(cucumber.api.testng.CucumberFeatureWrapper)[pri:0, instance:com.cucumber.testng.examples.RunCukesByFeatureAndCompositionTest1@15975490]" name="feature" class="com.cucumber.testng.examples.RunCukesByFeatureAndCompositionTest1"/>
      </group> <!-- cucumber -->
    </groups>
    <test name="Cucumber Date Calculator Test 1" duration-ms="50788" started-at="2017-06-12T18:43:47Z" finished-at="2017-06-12T18:44:38Z">
      <class name="com.cucumber.testng.examples.RunCukesByFeatureAndCompositionTest1">
        <test-method status="PASS" signature="setUpClass()[pri:0, instance:com.cucumber.testng.examples.RunCukesByFeatureAndCompositionTest1@15975490]" name="setUpClass" is-config="true" duration-ms="393" started-at="2017-06-13T00:13:47Z" finished-at="2017-06-13T00:13:48Z">
          <reporter-output>
          </reporter-output>
        </test-method> <!-- setUpClass -->
        <test-method status="PASS" signature="feature(cucumber.api.testng.CucumberFeatureWrapper)[pri:0, instance:com.cucumber.testng.examples.RunCukesByFeatureAndCompositionTest1@15975490]" name="feature" duration-ms="50218" started-at="2017-06-13T00:13:48Z" description="Runs Cucumber Feature" data-provider="features" finished-at="2017-06-13T00:14:38Z">
          <params>
            <param index="0">
              <value>
                <![CDATA[TestComplete Login page]]>
              </value>
            </param>
          </params>
          <reporter-output>
          </reporter-output>
        </test-method> <!-- feature -->
        <test-method status="PASS" signature="tearDownClass()[pri:0, instance:com.cucumber.testng.examples.RunCukesByFeatureAndCompositionTest1@15975490]" name="tearDownClass" is-config="true" duration-ms="31" started-at="2017-06-13T00:14:38Z" finished-at="2017-06-13T00:14:38Z">
          <reporter-output>
          </reporter-output>
        </test-method> <!-- tearDownClass -->
      </class> <!-- com.cucumber.testng.examples.RunCukesByFeatureAndCompositionTest1 -->
    </test> <!-- Cucumber Date Calculator Test 1 -->
  </suite> <!-- Custom suite -->
</testng-results>
